pauldb.c.my_index(n,i)
pauldb.c.my_index2(n,i)
pauldb.d.a_b(a,b)
pauldb.d.a_b2(a,b)
pauldb.d.a_b3(a)
pauldb.d.a_b3(a)
pauldb.t3.b(b)
pauldb.c.my_index(n,i)
pauldb.c.my_index2(n,i)
pauldb.d.a_b(a,b)
pauldb.d.a_b2(a,b)
pauldb.d.a_b3(a)
pauldb.d.a_b3(a)
pauldb.t3.b(b)
pauldb.c.my_index(n,i)
pauldb.c.my_index2(n,i)
pauldb.d.a_b(a,b)
pauldb.d.a_b2(a,b)
pauldb.d.a_b3(a)
pauldb.d.a_b3(a)
pauldb.t3.b(b)
pauldb.c.my_index(n,i)
pauldb.c.my_index2(n,i)
pauldb.d.a_b(a,b)
pauldb.d.a_b2(a,b)
pauldb.d.a_b3(a)
pauldb.d.a_b3(a)
pauldb.t3.b(b)
pauldb.c.my_index(n,i)
pauldb.c.my_index2(n,i)
pauldb.d.a_b(a,b)
pauldb.d.a_b2(a,b)
pauldb.d.a_b3(a)
pauldb.d.a_b3(a)
pauldb.t3.b(b)
